# JRE version: Java(TM) SE Runtime Environment (17.0.2+8) (build 17.0.2+8-LTS-86)
# Java VM: Java HotSpot(TM) 64-Bit Server VM (17.0.2+8-LTS-86, mixed mode, sharing, tiered, compressed oops, compressed class ptrs, g1 gc, windows-amd64)
GC Precious Log:
 CPUs: 4 total, 4 available
 Memory: 12163M
 Large Page Support: Disabled
 NUMA Support: Disabled
 Compressed Oops: Enabled (Zero based)
 Heap Region Size: 2M
 Heap Min Capacity: 8M
 Heap Initial Capacity: 192M
 Heap Max Capacity: 3042M
 Pre-touch: Disabled
 Parallel Workers: 4
 Concurrent Workers: 1
 Concurrent Refinement Workers: 4
 Periodic GC: Disabled
Heap:
 garbage-first heap   total 75776K, used 43610K [0x0000000741e00000, 0x0000000800000000)
  region size 2048K, 10 young (20480K), 3 survivors (6144K)
 Metaspace       used 67963K, committed 68480K, reserved 1114112K
  class space    used 9502K, committed 9728K, reserved 1048576K
GC Heap History (20 events):
Event: 6.687 GC heap before
{Heap before GC invocations=7 (full 0):
 garbage-first heap   total 55296K, used 36939K [0x0000000741e00000, 0x0000000800000000)
  region size 2048K, 12 young (24576K), 1 survivors (2048K)
 Metaspace       used 30294K, committed 30656K, reserved 1081344K
  class space    used 3929K, committed 4096K, reserved 1048576K
}
Event: 6.699 GC heap after
{Heap after GC invocations=8 (full 0):
 garbage-first heap   total 55296K, used 16802K [0x0000000741e00000, 0x0000000800000000)
  region size 2048K, 2 young (4096K), 2 survivors (4096K)
 Metaspace       used 30294K, committed 30656K, reserved 1081344K
  class space    used 3929K, committed 4096K, reserved 1048576K
}
Event: 7.638 GC heap before
{Heap before GC invocations=8 (full 0):
 garbage-first heap   total 55296K, used 37282K [0x0000000741e00000, 0x0000000800000000)
  region size 2048K, 12 young (24576K), 2 survivors (4096K)
 Metaspace       used 34188K, committed 34624K, reserved 1081344K
  class space    used 4502K, committed 4736K, reserved 1048576K
}
Event: 7.652 GC heap after
{Heap after GC invocations=9 (full 0):
 garbage-first heap   total 77824K, used 18355K [0x0000000741e00000, 0x0000000800000000)
  region size 2048K, 1 young (2048K), 1 survivors (2048K)
 Metaspace       used 34188K, committed 34624K, reserved 1081344K
  class space    used 4502K, committed 4736K, reserved 1048576K
}
Event: 7.854 GC heap before
{Heap before GC invocations=9 (full 0):
 garbage-first heap   total 77824K, used 22451K [0x0000000741e00000, 0x0000000800000000)
  region size 2048K, 4 young (8192K), 1 survivors (2048K)
 Metaspace       used 35599K, committed 35968K, reserved 1081344K
  class space    used 4729K, committed 4928K, reserved 1048576K
}
Event: 7.860 GC heap after
{Heap after GC invocations=10 (full 0):
 garbage-first heap   total 77824K, used 18383K [0x0000000741e00000, 0x0000000800000000)
  region size 2048K, 1 young (2048K), 1 survivors (2048K)
 Metaspace       used 35599K, committed 35968K, reserved 1081344K
  class space    used 4729K, committed 4928K, reserved 1048576K
}
Event: 9.395 GC heap before
{Heap before GC invocations=11 (full 0):
 garbage-first heap   total 75776K, used 55247K [0x0000000741e00000, 0x0000000800000000)
  region size 2048K, 19 young (38912K), 1 survivors (2048K)
 Metaspace       used 45072K, committed 45504K, reserved 1089536K
  class space    used 5986K, committed 6208K, reserved 1048576K
}
Event: 9.409 GC heap after
{Heap after GC invocations=12 (full 0):
 garbage-first heap   total 75776K, used 21688K [0x0000000741e00000, 0x0000000800000000)
  region size 2048K, 3 young (6144K), 3 survivors (6144K)
 Metaspace       used 45072K, committed 45504K, reserved 1089536K
  class space    used 5986K, committed 6208K, reserved 1048576K
}
Event: 9.498 GC heap before
{Heap before GC invocations=12 (full 0):
 garbage-first heap   total 75776K, used 23736K [0x0000000741e00000, 0x0000000800000000)
  region size 2048K, 4 young (8192K), 3 survivors (6144K)
 Metaspace       used 46114K, committed 46592K, reserved 1089536K
  class space    used 6247K, committed 6464K, reserved 1048576K
}
Event: 9.509 GC heap after
{Heap after GC invocations=13 (full 0):
 garbage-first heap   total 75776K, used 22298K [0x0000000741e00000, 0x0000000800000000)
  region size 2048K, 1 young (2048K), 1 survivors (2048K)
 Metaspace       used 46114K, committed 46592K, reserved 1089536K
  class space    used 6247K, committed 6464K, reserved 1048576K
}
Event: 10.690 GC heap before
{Heap before GC invocations=13 (full 0):
 garbage-first heap   total 75776K, used 55066K [0x0000000741e00000, 0x0000000800000000)
  region size 2048K, 17 young (34816K), 1 survivors (2048K)
 Metaspace       used 53591K, committed 54080K, reserved 1097728K
  class space    used 7330K, committed 7552K, reserved 1048576K
}
Event: 10.695 GC heap after
{Heap after GC invocations=14 (full 0):
 garbage-first heap   total 75776K, used 23358K [0x0000000741e00000, 0x0000000800000000)
  region size 2048K, 1 young (2048K), 1 survivors (2048K)
 Metaspace       used 53591K, committed 54080K, reserved 1097728K
  class space    used 7330K, committed 7552K, reserved 1048576K
}
Event: 11.501 GC heap before
{Heap before GC invocations=14 (full 0):
 garbage-first heap   total 75776K, used 56126K [0x0000000741e00000, 0x0000000800000000)
  region size 2048K, 17 young (34816K), 1 survivors (2048K)
 Metaspace       used 57529K, committed 57984K, reserved 1105920K
  class space    used 7870K, committed 8064K, reserved 1048576K
}
Event: 11.508 GC heap after
{Heap after GC invocations=15 (full 0):
 garbage-first heap   total 75776K, used 24969K [0x0000000741e00000, 0x0000000800000000)
  region size 2048K, 2 young (4096K), 2 survivors (4096K)
 Metaspace       used 57529K, committed 57984K, reserved 1105920K
  class space    used 7870K, committed 8064K, reserved 1048576K
}
Event: 11.872 GC heap before
{Heap before GC invocations=15 (full 0):
 garbage-first heap   total 75776K, used 45449K [0x0000000741e00000, 0x0000000800000000)
  region size 2048K, 13 young (26624K), 2 survivors (4096K)
 Metaspace       used 59681K, committed 60160K, reserved 1105920K
  class space    used 8234K, committed 8512K, reserved 1048576K
}
Event: 11.879 GC heap after
{Heap after GC invocations=16 (full 0):
 garbage-first heap   total 75776K, used 25844K [0x0000000741e00000, 0x0000000800000000)
  region size 2048K, 2 young (4096K), 2 survivors (4096K)
 Metaspace       used 59681K, committed 60160K, reserved 1105920K
  class space    used 8234K, committed 8512K, reserved 1048576K
}
Event: 12.690 GC heap before
{Heap before GC invocations=17 (full 0):
 garbage-first heap   total 75776K, used 56564K [0x0000000741e00000, 0x0000000800000000)
  region size 2048K, 17 young (34816K), 2 survivors (4096K)
 Metaspace       used 62185K, committed 62720K, reserved 1105920K
  class space    used 8682K, committed 8960K, reserved 1048576K
}
Event: 12.699 GC heap after
{Heap after GC invocations=18 (full 0):
 garbage-first heap   total 75776K, used 28213K [0x0000000741e00000, 0x0000000800000000)
  region size 2048K, 3 young (6144K), 3 survivors (6144K)
 Metaspace       used 62185K, committed 62720K, reserved 1105920K
  class space    used 8682K, committed 8960K, reserved 1048576K
}
Event: 13.803 GC heap before
{Heap before GC invocations=19 (full 0):
 garbage-first heap   total 75776K, used 56885K [0x0000000741e00000, 0x0000000800000000)
  region size 2048K, 17 young (34816K), 3 survivors (6144K)
 Metaspace       used 65848K, committed 66368K, reserved 1114112K
  class space    used 9217K, committed 9472K, reserved 1048576K
}
Event: 13.816 GC heap after
{Heap after GC invocations=20 (full 0):
 garbage-first heap   total 75776K, used 31322K [0x0000000741e00000, 0x0000000800000000)
  region size 2048K, 3 young (6144K), 3 survivors (6144K)
 Metaspace       used 65848K, committed 66368K, reserved 1114112K
  class space    used 9217K, committed 9472K, reserved 1048576K
}

