<?xml version="1.0" encoding="UTF-8"?>
<testsuite xmlns:xsi="http://www.w3.org/2001/XMLSchema-instance" xsi:noNamespaceSchemaLocation="https://maven.apache.org/surefire/maven-surefire-plugin/xsd/surefire-test-report.xsd" name="com.samfrosh.cart.CartServiceImplTest" time="17.235" tests="1" errors="1" skipped="0" failures="0">
  <properties>
[...]
</properties>
  <testcase name="getcartlist" classname="com.samfrosh.cart.CartServiceImplTest" time="0.749">
    <error message="User was not found" type="com.samfrosh.exception.CartError">com.samfrosh.exception.CartError: User was not found
	at com.samfrosh.cart.CartServiceImplTest.getcartlist(CartServiceImplTest.java:21)
</error>
    <system-out><![CDATA[02:47:44.999 [main] DEBUG org.springframework.boot.test.context.SpringBootTestContextBootstrapper - Neither @ContextConfiguration nor @ContextHierarchy found for test class [CartServiceImplTest]: using SpringBootContextLoader
02:47:45.010 [main] DEBUG org.springframework.test.context.support.AbstractContextLoader - Could not detect default resource locations for test class [com.samfrosh.cart.CartServiceImplTest]: no resource found for suffixes {-context.xml, Context.groovy}.
02:47:45.014 [main] INFO org.springframework.test.context.support.AnnotationConfigContextLoaderUtils - Could not detect default configuration classes for test class [com.samfrosh.cart.CartServiceImplTest]: CartServiceImplTest does not declare any static, non-private, non-final, nested classes annotated with @Configuration.
02:47:45.087 [main] DEBUG org.springframework.boot.test.context.SpringBootTestContextBootstrapper - Using ContextCustomizers for test class [CartServiceImplTest]: [ExcludeFilterContextCustomizer, DuplicateJsonObjectContextCustomizer, MockitoContextCustomizer, TestRestTemplateContextCustomizer, DisableObservabilityContextCustomizer, PropertyMappingContextCustomizer, Customizer]
02:47:45.335 [main] DEBUG org.springframework.context.annotation.ClassPathScanningCandidateComponentProvider - Identified candidate component class: file [C:\Users\samfr\Documents\Mart-Ecommerce-Application2\Backend\mart\target\classes\com\samfrosh\MartApplication.class]
02:47:45.342 [main] INFO org.springframework.boot.test.context.SpringBootTestContextBootstrapper - Found @SpringBootConfiguration com.samfrosh.MartApplication for test class com.samfrosh.cart.CartServiceImplTest
02:47:45.769 [main] DEBUG org.springframework.boot.test.context.SpringBootTestContextBootstrapper - Using TestExecutionListeners for test class [CartServiceImplTest]: [ServletTestExecutionListener, DirtiesContextBeforeModesTestExecutionListener, ApplicationEventsTestExecutionListener, MockitoTestExecutionListener, DependencyInjectionTestExecutionListener, DirtiesContextTestExecutionListener, TransactionalTestExecutionListener, SqlScriptsTestExecutionListener, EventPublishingTestExecutionListener, WithSecurityContextTestExecutionListener, ReactorContextTestExecutionListener, ResetMocksTestExecutionListener, RestDocsTestExecutionListener, MockRestServiceServerResetTestExecutionListener, MockMvcPrintOnlyOnFailureTestExecutionListener, WebDriverTestExecutionListener, MockWebServiceServerTestExecutionListener]
02:47:45.773 [main] DEBUG org.springframework.test.context.support.AbstractDirtiesContextTestExecutionListener - Before test class: class [CartServiceImplTest], class annotated with @DirtiesContext [false] with mode [null]

  .   ____          _            __ _ _
 /\\ / ___'_ __ _ _(_)_ __  __ _ \ \ \ \
( ( )\___ | '_ | '_| | '_ \/ _` | \ \ \ \
 \\/  ___)| |_)| | | | | || (_| |  ) ) ) )
  '  |____| .__|_| |_|_| |_\__, | / / / /
 =========|_|==============|___/=/_/_/_/
 :: Spring Boot ::                (v3.0.2)

2023-09-22T02:47:47.054+01:00  INFO 11028 --- [           main] com.samfrosh.cart.CartServiceImplTest    : Starting CartServiceImplTest using Java 17.0.2 with PID 11028 (started by samfr in C:\Users\samfr\Documents\Mart-Ecommerce-Application2\Backend\mart)
2023-09-22T02:47:47.062+01:00  INFO 11028 --- [           main] com.samfrosh.cart.CartServiceImplTest    : No active profile set, falling back to 1 default profile: "development"
2023-09-22T02:47:49.478+01:00  INFO 11028 --- [           main] .s.d.r.c.RepositoryConfigurationDelegate : Bootstrapping Spring Data JPA repositories in DEFAULT mode.
2023-09-22T02:47:49.716+01:00  INFO 11028 --- [           main] .s.d.r.c.RepositoryConfigurationDelegate : Finished Spring Data repository scanning in 213 ms. Found 7 JPA repository interfaces.
2023-09-22T02:47:51.301+01:00  INFO 11028 --- [           main] o.hibernate.jpa.internal.util.LogHelper  : HHH000204: Processing PersistenceUnitInfo [name: default]
2023-09-22T02:47:51.527+01:00  INFO 11028 --- [           main] org.hibernate.Version                    : HHH000412: Hibernate ORM core version 6.1.6.Final
2023-09-22T02:47:52.131+01:00  WARN 11028 --- [           main] org.hibernate.orm.deprecation            : HHH90000021: Encountered deprecated setting [javax.persistence.sharedCache.mode], use [jakarta.persistence.sharedCache.mode] instead
2023-09-22T02:47:52.582+01:00  INFO 11028 --- [           main] com.zaxxer.hikari.HikariDataSource       : HikariPool-1 - Starting...
2023-09-22T02:47:53.035+01:00  INFO 11028 --- [           main] com.zaxxer.hikari.pool.HikariPool        : HikariPool-1 - Added connection com.mysql.cj.jdbc.ConnectionImpl@5f883d90
2023-09-22T02:47:53.039+01:00  INFO 11028 --- [           main] com.zaxxer.hikari.HikariDataSource       : HikariPool-1 - Start completed.
2023-09-22T02:47:53.094+01:00  INFO 11028 --- [           main] SQL dialect                              : HHH000400: Using dialect: org.hibernate.dialect.MySQL8Dialect
2023-09-22T02:47:53.095+01:00  WARN 11028 --- [           main] org.hibernate.orm.deprecation            : HHH90000026: MySQL8Dialect has been deprecated; use org.hibernate.dialect.MySQLDialect instead
2023-09-22T02:47:55.873+01:00  INFO 11028 --- [           main] o.h.e.t.j.p.i.JtaPlatformInitiator       : HHH000490: Using JtaPlatform implementation: [org.hibernate.engine.transaction.jta.platform.internal.NoJtaPlatform]
2023-09-22T02:47:55.892+01:00  INFO 11028 --- [           main] j.LocalContainerEntityManagerFactoryBean : Initialized JPA EntityManagerFactory for persistence unit 'default'
2023-09-22T02:47:58.517+01:00  WARN 11028 --- [           main] JpaBaseConfiguration$JpaWebConfiguration : spring.jpa.open-in-view is enabled by default. Therefore, database queries may be performed during view rendering. Explicitly configure spring.jpa.open-in-view to disable this warning
2023-09-22T02:47:59.889+01:00  INFO 11028 --- [           main] o.s.s.web.DefaultSecurityFilterChain     : Will secure any request with [org.springframework.security.web.session.DisableEncodeUrlFilter@791dcda7, org.springframework.security.web.context.request.async.WebAsyncManagerIntegrationFilter@35c95587, org.springframework.security.web.context.SecurityContextHolderFilter@b89cbf9, org.springframework.security.web.header.HeaderWriterFilter@3796ff4, org.springframework.web.filter.CorsFilter@828e2d8, org.springframework.security.web.authentication.logout.LogoutFilter@16ecdb6d, com.samfrosh.config.JwtAuthenticationFilter@1fc386f8, org.springframework.security.web.savedrequest.RequestCacheAwareFilter@219c10c2, org.springframework.security.web.servletapi.SecurityContextHolderAwareRequestFilter@797dd7ef, org.springframework.security.web.authentication.AnonymousAuthenticationFilter@43e9eddf, org.springframework.security.web.session.SessionManagementFilter@6178ac9d, org.springframework.security.web.access.ExceptionTranslationFilter@2ed9e59b, org.springframework.security.web.access.intercept.AuthorizationFilter@4b60ff1c]
2023-09-22T02:48:01.065+01:00  INFO 11028 --- [           main] com.samfrosh.cart.CartServiceImplTest    : Started CartServiceImplTest in 15.166 seconds (process running for 18.256)
Hibernate: select c1_0.id,c1_0.product_total_price,c1_0.product_total_quantity,c1_0.user_id from cart c1_0 where c1_0.user_id=?
]]></system-out>
  </testcase>
</testsuite>