<?xml version="1.0" encoding="UTF-8"?>
<testsuite xmlns:xsi="http://www.w3.org/2001/XMLSchema-instance" xsi:noNamespaceSchemaLocation="https://maven.apache.org/surefire/maven-surefire-plugin/xsd/surefire-test-report.xsd" name="com.samfrosh.repository.ProductRepositoryTest" time="0.408" tests="2" errors="2" skipped="0" failures="0">
  <properties>
[...]
</properties>
  <testcase name="testProductRepository" classname="com.samfrosh.repository.ProductRepositoryTest" time="0.357">
    <error message="More than one row with the given identifier was found: 3, for class: com.samfrosh.model.WishList" type="org.springframework.orm.jpa.JpaSystemException">org.springframework.orm.jpa.JpaSystemException: More than one row with the given identifier was found: 3, for class: com.samfrosh.model.WishList
	at com.samfrosh.repository.ProductRepositoryTest.testProductRepository(ProductRepositoryTest.java:16)
Caused by: org.hibernate.HibernateException: More than one row with the given identifier was found: 3, for class: com.samfrosh.model.WishList
	at com.samfrosh.repository.ProductRepositoryTest.testProductRepository(ProductRepositoryTest.java:16)
</error>
    <system-out><![CDATA[2024-01-09T20:28:41.124+01:00  INFO 15820 --- [           main] t.c.s.AnnotationConfigContextLoaderUtils : Could not detect default configuration classes for test class [com.samfrosh.repository.ProductRepositoryTest]: ProductRepositoryTest does not declare any static, non-private, non-final, nested classes annotated with @Configuration.
2024-01-09T20:28:41.153+01:00  INFO 15820 --- [           main] .b.t.c.SpringBootTestContextBootstrapper : Found @SpringBootConfiguration com.samfrosh.MartApplication for test class com.samfrosh.repository.ProductRepositoryTest
Hibernate: select p1_0.id,p1_0.active,p1_0.category_id,p1_0.date_created,p1_0.description,p1_0.image_url,p1_0.last_updated,p1_0.name,p1_0.product_status_id,p1_0.unit_price,p1_0.units_in_stock from product p1_0 where p1_0.product_status_id=? limit ?,?
Hibernate: select p1_0.id,p1_0.category_name from product_category p1_0 where p1_0.id=?
Hibernate: select p1_0.id,p1_0.status_name from product_status p1_0 where p1_0.id=?
Hibernate: select w1_0.id,p1_0.id,p1_0.active,c1_0.id,c1_0.category_name,p1_0.date_created,p1_0.description,p1_0.image_url,p1_0.last_updated,p1_0.name,p2_0.id,p2_0.status_name,p1_0.unit_price,p1_0.units_in_stock,w1_0.user_id from wishlist w1_0 left join product p1_0 on p1_0.id=w1_0.product_id left join product_category c1_0 on c1_0.id=p1_0.category_id left join product_status p2_0 on p2_0.id=p1_0.product_status_id where w1_0.product_id=?
]]></system-out>
  </testcase>
  <testcase name="testProductRepositorysearch" classname="com.samfrosh.repository.ProductRepositoryTest" time="0.048">
    <error message="More than one row with the given identifier was found: 2, for class: com.samfrosh.model.WishList" type="org.springframework.orm.jpa.JpaSystemException">org.springframework.orm.jpa.JpaSystemException: More than one row with the given identifier was found: 2, for class: com.samfrosh.model.WishList
	at com.samfrosh.repository.ProductRepositoryTest.testProductRepositorysearch(ProductRepositoryTest.java:21)
Caused by: org.hibernate.HibernateException: More than one row with the given identifier was found: 2, for class: com.samfrosh.model.WishList
	at com.samfrosh.repository.ProductRepositoryTest.testProductRepositorysearch(ProductRepositoryTest.java:21)
</error>
    <system-out><![CDATA[Hibernate: select p1_0.id,p1_0.active,p1_0.category_id,p1_0.date_created,p1_0.description,p1_0.image_url,p1_0.last_updated,p1_0.name,p1_0.product_status_id,p1_0.unit_price,p1_0.units_in_stock from product p1_0 where p1_0.name like ? escape '\\' limit ?,?
Hibernate: select p1_0.id,p1_0.category_name from product_category p1_0 where p1_0.id=?
Hibernate: select p1_0.id,p1_0.status_name from product_status p1_0 where p1_0.id=?
Hibernate: select w1_0.id,p1_0.id,p1_0.active,c1_0.id,c1_0.category_name,p1_0.date_created,p1_0.description,p1_0.image_url,p1_0.last_updated,p1_0.name,p2_0.id,p2_0.status_name,p1_0.unit_price,p1_0.units_in_stock,w1_0.user_id from wishlist w1_0 left join product p1_0 on p1_0.id=w1_0.product_id left join product_category c1_0 on c1_0.id=p1_0.category_id left join product_status p2_0 on p2_0.id=p1_0.product_status_id where w1_0.product_id=?
Hibernate: select w1_0.id,p1_0.id,p1_0.active,c1_0.id,c1_0.category_name,p1_0.date_created,p1_0.description,p1_0.image_url,p1_0.last_updated,p1_0.name,p2_0.id,p2_0.status_name,p1_0.unit_price,p1_0.units_in_stock,w1_0.user_id from wishlist w1_0 left join product p1_0 on p1_0.id=w1_0.product_id left join product_category c1_0 on c1_0.id=p1_0.category_id left join product_status p2_0 on p2_0.id=p1_0.product_status_id where w1_0.product_id=?
]]></system-out>
  </testcase>
</testsuite>